<?xml version="1.0" encoding="UTF-8"?>
<testng-results ignored="0" total="2" passed="2" failed="0" skipped="0">
  <reporter-output>
  </reporter-output>
  <suite started-at="2023-05-05T00:07:14 IST" name="All Test Suite" finished-at="2023-05-05T00:09:15 IST" duration-ms="121159">
    <groups>
    </groups>
    <test started-at="2023-05-05T00:07:14 IST" name="C:/Users/ASUS/EpamIndividualProject/src/test/java/org/example/PasteBin.java" finished-at="2023-05-05T00:07:26 IST" duration-ms="12339">
      <class name="org.example.ModuleTwoA">
        <test-method signature="PasteBin()[pri:0, instance:org.example.ModuleTwoA@6c000e0c]" started-at="2023-05-05T00:07:14 IST" name="PasteBin" finished-at="2023-05-05T00:07:26 IST" duration-ms="12284" status="PASS">
          <reporter-output>
          </reporter-output>
        </test-method> <!-- PasteBin -->
      </class> <!-- org.example.ModuleTwoA -->
    </test> <!-- C:/Users/ASUS/EpamIndividualProject/src/test/java/org/example/PasteBin.java -->
    <test started-at="2023-05-05T00:07:26 IST" name="C:/Users/ASUS/EpamIndividualProject/src/test/java/org/example/GoogleCloud.java" finished-at="2023-05-05T00:09:15 IST" duration-ms="108676">
      <class name="org.example.ModuleTwoB">
        <test-method signature="GoogleCloud()[pri:0, instance:org.example.ModuleTwoB@49096b06]" started-at="2023-05-05T00:07:26 IST" name="GoogleCloud" finished-at="2023-05-05T00:09:15 IST" duration-ms="108671" status="PASS">
          <reporter-output>
          </reporter-output>
        </test-method> <!-- GoogleCloud -->
      </class> <!-- org.example.ModuleTwoB -->
    </test> <!-- C:/Users/ASUS/EpamIndividualProject/src/test/java/org/example/GoogleCloud.java -->
  </suite> <!-- All Test Suite -->
</testng-results>
